[25-Apr-2018 19:38:33 UTC] PHP Parse error:  syntax error, unexpected end of file in /home/ubuntu/workspace/wp-content/themes/stacylauren/functions.php on line 282
[25-Apr-2018 19:38:33 UTC] PHP Stack trace:
[25-Apr-2018 19:38:33 UTC] PHP   1. {main}() /home/ubuntu/workspace/wp-admin/admin-ajax.php:0
[25-Apr-2018 19:38:33 UTC] PHP   2. require_once() /home/ubuntu/workspace/wp-admin/admin-ajax.php:22
[25-Apr-2018 19:38:33 UTC] PHP   3. require_once() /home/ubuntu/workspace/wp-load.php:37
[25-Apr-2018 19:38:33 UTC] PHP   4. require_once() /home/ubuntu/workspace/wp-config.php:92
[25-Apr-2018 19:38:35 UTC] PHP Parse error:  syntax error, unexpected end of file in /home/ubuntu/workspace/wp-content/themes/stacylauren/functions.php on line 282
[25-Apr-2018 19:38:35 UTC] PHP Stack trace:
[25-Apr-2018 19:38:35 UTC] PHP   1. {main}() /home/ubuntu/workspace/wp-admin/customize.php:0
[25-Apr-2018 19:38:35 UTC] PHP   2. require_once() /home/ubuntu/workspace/wp-admin/customize.php:13
[25-Apr-2018 19:38:35 UTC] PHP   3. require_once() /home/ubuntu/workspace/wp-admin/admin.php:31
[25-Apr-2018 19:38:35 UTC] PHP   4. require_once() /home/ubuntu/workspace/wp-load.php:37
[25-Apr-2018 19:38:35 UTC] PHP   5. require_once() /home/ubuntu/workspace/wp-config.php:92
[26-Apr-2018 19:58:45 UTC] PHP Warning:  call_user_func_array() expects parameter 1 to be a valid callback, function 'stacylauren_register_nav_menus' not found or invalid function name in /home/ubuntu/workspace/wp-includes/class-wp-hook.php on line 286
[26-Apr-2018 19:58:45 UTC] PHP Stack trace:
[26-Apr-2018 19:58:45 UTC] PHP   1. {main}() /home/ubuntu/workspace/wp-admin/admin-ajax.php:0
[26-Apr-2018 19:58:45 UTC] PHP   2. require_once() /home/ubuntu/workspace/wp-admin/admin-ajax.php:22
[26-Apr-2018 19:58:45 UTC] PHP   3. require_once() /home/ubuntu/workspace/wp-load.php:37
[26-Apr-2018 19:58:45 UTC] PHP   4. require_once() /home/ubuntu/workspace/wp-config.php:92
[26-Apr-2018 19:58:45 UTC] PHP   5. do_action() /home/ubuntu/workspace/wp-settings.php:450
[26-Apr-2018 19:58:45 UTC] PHP   6. WP_Hook->do_action() /home/ubuntu/workspace/wp-includes/plugin.php:453
[26-Apr-2018 19:58:45 UTC] PHP   7. WP_Hook->apply_filters() /home/ubuntu/workspace/wp-includes/class-wp-hook.php:310
[26-Apr-2018 19:58:45 UTC] PHP   8. call_user_func_array:{/home/ubuntu/workspace/wp-includes/class-wp-hook.php:286}() /home/ubuntu/workspace/wp-includes/class-wp-hook.php:286
[27-Apr-2018 19:14:01 UTC] PHP Notice:  Undefined variable: wp_customize in /home/ubuntu/workspace/wp-content/themes/stacylauren/inc/customizer.php on line 75
[27-Apr-2018 19:14:01 UTC] PHP Stack trace:
[27-Apr-2018 19:14:01 UTC] PHP   1. {main}() /home/ubuntu/workspace/wp-admin/admin-ajax.php:0
[27-Apr-2018 19:14:01 UTC] PHP   2. require_once() /home/ubuntu/workspace/wp-admin/admin-ajax.php:22
[27-Apr-2018 19:14:01 UTC] PHP   3. require_once() /home/ubuntu/workspace/wp-load.php:37
[27-Apr-2018 19:14:01 UTC] PHP   4. require_once() /home/ubuntu/workspace/wp-config.php:92
[27-Apr-2018 19:14:01 UTC] PHP   5. include() /home/ubuntu/workspace/wp-settings.php:426
[27-Apr-2018 19:14:01 UTC] PHP   6. require() /home/ubuntu/workspace/wp-content/themes/stacylauren/functions.php:252
[27-Apr-2018 19:14:01 UTC] PHP Fatal error:  Call to a member function add_section() on a non-object in /home/ubuntu/workspace/wp-content/themes/stacylauren/inc/customizer.php on line 75
[27-Apr-2018 19:14:01 UTC] PHP Stack trace:
[27-Apr-2018 19:14:01 UTC] PHP   1. {main}() /home/ubuntu/workspace/wp-admin/admin-ajax.php:0
[27-Apr-2018 19:14:01 UTC] PHP   2. require_once() /home/ubuntu/workspace/wp-admin/admin-ajax.php:22
[27-Apr-2018 19:14:01 UTC] PHP   3. require_once() /home/ubuntu/workspace/wp-load.php:37
[27-Apr-2018 19:14:01 UTC] PHP   4. require_once() /home/ubuntu/workspace/wp-config.php:92
[27-Apr-2018 19:14:01 UTC] PHP   5. include() /home/ubuntu/workspace/wp-settings.php:426
[27-Apr-2018 19:14:01 UTC] PHP   6. require() /home/ubuntu/workspace/wp-content/themes/stacylauren/functions.php:252
[27-Apr-2018 19:15:47 UTC] PHP Notice:  Undefined variable: wp_customize in /home/ubuntu/workspace/wp-content/themes/stacylauren/inc/customizer.php on line 75
[27-Apr-2018 19:15:47 UTC] PHP Stack trace:
[27-Apr-2018 19:15:47 UTC] PHP   1. {main}() /home/ubuntu/workspace/wp-admin/admin-ajax.php:0
[27-Apr-2018 19:15:47 UTC] PHP   2. require_once() /home/ubuntu/workspace/wp-admin/admin-ajax.php:22
[27-Apr-2018 19:15:47 UTC] PHP   3. require_once() /home/ubuntu/workspace/wp-load.php:37
[27-Apr-2018 19:15:47 UTC] PHP   4. require_once() /home/ubuntu/workspace/wp-config.php:92
[27-Apr-2018 19:15:47 UTC] PHP   5. include() /home/ubuntu/workspace/wp-settings.php:426
[27-Apr-2018 19:15:47 UTC] PHP   6. require() /home/ubuntu/workspace/wp-content/themes/stacylauren/functions.php:252
[27-Apr-2018 19:15:47 UTC] PHP Fatal error:  Call to a member function add_section() on a non-object in /home/ubuntu/workspace/wp-content/themes/stacylauren/inc/customizer.php on line 75
[27-Apr-2018 19:15:47 UTC] PHP Stack trace:
[27-Apr-2018 19:15:47 UTC] PHP   1. {main}() /home/ubuntu/workspace/wp-admin/admin-ajax.php:0
[27-Apr-2018 19:15:47 UTC] PHP   2. require_once() /home/ubuntu/workspace/wp-admin/admin-ajax.php:22
[27-Apr-2018 19:15:47 UTC] PHP   3. require_once() /home/ubuntu/workspace/wp-load.php:37
[27-Apr-2018 19:15:47 UTC] PHP   4. require_once() /home/ubuntu/workspace/wp-config.php:92
[27-Apr-2018 19:15:47 UTC] PHP   5. include() /home/ubuntu/workspace/wp-settings.php:426
[27-Apr-2018 19:15:47 UTC] PHP   6. require() /home/ubuntu/workspace/wp-content/themes/stacylauren/functions.php:252
[27-Apr-2018 19:15:48 UTC] PHP Notice:  Undefined variable: wp_customize in /home/ubuntu/workspace/wp-content/themes/stacylauren/inc/customizer.php on line 75
[27-Apr-2018 19:15:48 UTC] PHP Stack trace:
[27-Apr-2018 19:15:48 UTC] PHP   1. {main}() /home/ubuntu/workspace/wp-admin/nav-menus.php:0
[27-Apr-2018 19:15:48 UTC] PHP   2. require_once() /home/ubuntu/workspace/wp-admin/nav-menus.php:13
[27-Apr-2018 19:15:48 UTC] PHP   3. require_once() /home/ubuntu/workspace/wp-admin/admin.php:31
[27-Apr-2018 19:15:48 UTC] PHP   4. require_once() /home/ubuntu/workspace/wp-load.php:37
[27-Apr-2018 19:15:48 UTC] PHP   5. require_once() /home/ubuntu/workspace/wp-config.php:92
[27-Apr-2018 19:15:48 UTC] PHP   6. include() /home/ubuntu/workspace/wp-settings.php:426
[27-Apr-2018 19:15:48 UTC] PHP   7. require() /home/ubuntu/workspace/wp-content/themes/stacylauren/functions.php:252
[27-Apr-2018 19:15:48 UTC] PHP Fatal error:  Call to a member function add_section() on a non-object in /home/ubuntu/workspace/wp-content/themes/stacylauren/inc/customizer.php on line 75
[27-Apr-2018 19:15:48 UTC] PHP Stack trace:
[27-Apr-2018 19:15:48 UTC] PHP   1. {main}() /home/ubuntu/workspace/wp-admin/nav-menus.php:0
[27-Apr-2018 19:15:48 UTC] PHP   2. require_once() /home/ubuntu/workspace/wp-admin/nav-menus.php:13
[27-Apr-2018 19:15:48 UTC] PHP   3. require_once() /home/ubuntu/workspace/wp-admin/admin.php:31
[27-Apr-2018 19:15:48 UTC] PHP   4. require_once() /home/ubuntu/workspace/wp-load.php:37
[27-Apr-2018 19:15:48 UTC] PHP   5. require_once() /home/ubuntu/workspace/wp-config.php:92
[27-Apr-2018 19:15:48 UTC] PHP   6. include() /home/ubuntu/workspace/wp-settings.php:426
[27-Apr-2018 19:15:48 UTC] PHP   7. require() /home/ubuntu/workspace/wp-content/themes/stacylauren/functions.php:252
[10-May-2018 14:52:53 UTC] PHP Parse error:  syntax error, unexpected 'true' (T_STRING) in /home/ubuntu/workspace/wp-content/themes/stacylauren/functions.php on line 249
[10-May-2018 14:52:53 UTC] PHP Stack trace:
[10-May-2018 14:52:53 UTC] PHP   1. {main}() /home/ubuntu/workspace/wp-admin/admin-ajax.php:0
[10-May-2018 14:52:53 UTC] PHP   2. require_once() /home/ubuntu/workspace/wp-admin/admin-ajax.php:22
[10-May-2018 14:52:53 UTC] PHP   3. require_once() /home/ubuntu/workspace/wp-load.php:37
[10-May-2018 14:52:53 UTC] PHP   4. require_once() /home/ubuntu/workspace/wp-config.php:92
[10-May-2018 14:54:54 UTC] PHP Parse error:  syntax error, unexpected 'true' (T_STRING) in /home/ubuntu/workspace/wp-content/themes/stacylauren/functions.php on line 249
[10-May-2018 14:54:54 UTC] PHP Stack trace:
[10-May-2018 14:54:54 UTC] PHP   1. {main}() /home/ubuntu/workspace/wp-admin/admin-ajax.php:0
[10-May-2018 14:54:54 UTC] PHP   2. require_once() /home/ubuntu/workspace/wp-admin/admin-ajax.php:22
[10-May-2018 14:54:54 UTC] PHP   3. require_once() /home/ubuntu/workspace/wp-load.php:37
[10-May-2018 14:54:54 UTC] PHP   4. require_once() /home/ubuntu/workspace/wp-config.php:92
[10-May-2018 14:56:54 UTC] PHP Parse error:  syntax error, unexpected 'true' (T_STRING) in /home/ubuntu/workspace/wp-content/themes/stacylauren/functions.php on line 249
[10-May-2018 14:56:54 UTC] PHP Stack trace:
[10-May-2018 14:56:54 UTC] PHP   1. {main}() /home/ubuntu/workspace/wp-admin/admin-ajax.php:0
[10-May-2018 14:56:54 UTC] PHP   2. require_once() /home/ubuntu/workspace/wp-admin/admin-ajax.php:22
[10-May-2018 14:56:54 UTC] PHP   3. require_once() /home/ubuntu/workspace/wp-load.php:37
[10-May-2018 14:56:54 UTC] PHP   4. require_once() /home/ubuntu/workspace/wp-config.php:92
[10-May-2018 14:58:55 UTC] PHP Parse error:  syntax error, unexpected 'true' (T_STRING) in /home/ubuntu/workspace/wp-content/themes/stacylauren/functions.php on line 249
[10-May-2018 14:58:55 UTC] PHP Stack trace:
[10-May-2018 14:58:55 UTC] PHP   1. {main}() /home/ubuntu/workspace/wp-admin/admin-ajax.php:0
[10-May-2018 14:58:55 UTC] PHP   2. require_once() /home/ubuntu/workspace/wp-admin/admin-ajax.php:22
[10-May-2018 14:58:55 UTC] PHP   3. require_once() /home/ubuntu/workspace/wp-load.php:37
[10-May-2018 14:58:55 UTC] PHP   4. require_once() /home/ubuntu/workspace/wp-config.php:92
[10-May-2018 15:00:56 UTC] PHP Parse error:  syntax error, unexpected 'true' (T_STRING) in /home/ubuntu/workspace/wp-content/themes/stacylauren/functions.php on line 249
[10-May-2018 15:00:56 UTC] PHP Stack trace:
[10-May-2018 15:00:56 UTC] PHP   1. {main}() /home/ubuntu/workspace/wp-admin/admin-ajax.php:0
[10-May-2018 15:00:56 UTC] PHP   2. require_once() /home/ubuntu/workspace/wp-admin/admin-ajax.php:22
[10-May-2018 15:00:56 UTC] PHP   3. require_once() /home/ubuntu/workspace/wp-load.php:37
[10-May-2018 15:00:56 UTC] PHP   4. require_once() /home/ubuntu/workspace/wp-config.php:92
[10-May-2018 15:02:56 UTC] PHP Parse error:  syntax error, unexpected 'true' (T_STRING) in /home/ubuntu/workspace/wp-content/themes/stacylauren/functions.php on line 249
[10-May-2018 15:02:56 UTC] PHP Stack trace:
[10-May-2018 15:02:56 UTC] PHP   1. {main}() /home/ubuntu/workspace/wp-admin/admin-ajax.php:0
[10-May-2018 15:02:56 UTC] PHP   2. require_once() /home/ubuntu/workspace/wp-admin/admin-ajax.php:22
[10-May-2018 15:02:56 UTC] PHP   3. require_once() /home/ubuntu/workspace/wp-load.php:37
[10-May-2018 15:02:56 UTC] PHP   4. require_once() /home/ubuntu/workspace/wp-config.php:92
[10-May-2018 15:04:58 UTC] PHP Parse error:  syntax error, unexpected 'true' (T_STRING) in /home/ubuntu/workspace/wp-content/themes/stacylauren/functions.php on line 249
[10-May-2018 15:04:58 UTC] PHP Stack trace:
[10-May-2018 15:04:58 UTC] PHP   1. {main}() /home/ubuntu/workspace/wp-admin/admin-ajax.php:0
[10-May-2018 15:04:58 UTC] PHP   2. require_once() /home/ubuntu/workspace/wp-admin/admin-ajax.php:22
[10-May-2018 15:04:58 UTC] PHP   3. require_once() /home/ubuntu/workspace/wp-load.php:37
[10-May-2018 15:04:58 UTC] PHP   4. require_once() /home/ubuntu/workspace/wp-config.php:92
[10-May-2018 15:06:59 UTC] PHP Parse error:  syntax error, unexpected 'true' (T_STRING) in /home/ubuntu/workspace/wp-content/themes/stacylauren/functions.php on line 249
[10-May-2018 15:06:59 UTC] PHP Stack trace:
[10-May-2018 15:06:59 UTC] PHP   1. {main}() /home/ubuntu/workspace/wp-admin/admin-ajax.php:0
[10-May-2018 15:06:59 UTC] PHP   2. require_once() /home/ubuntu/workspace/wp-admin/admin-ajax.php:22
[10-May-2018 15:06:59 UTC] PHP   3. require_once() /home/ubuntu/workspace/wp-load.php:37
[10-May-2018 15:06:59 UTC] PHP   4. require_once() /home/ubuntu/workspace/wp-config.php:92
[10-May-2018 15:09:00 UTC] PHP Parse error:  syntax error, unexpected 'true' (T_STRING) in /home/ubuntu/workspace/wp-content/themes/stacylauren/functions.php on line 249
[10-May-2018 15:09:00 UTC] PHP Stack trace:
[10-May-2018 15:09:00 UTC] PHP   1. {main}() /home/ubuntu/workspace/wp-admin/admin-ajax.php:0
[10-May-2018 15:09:00 UTC] PHP   2. require_once() /home/ubuntu/workspace/wp-admin/admin-ajax.php:22
[10-May-2018 15:09:00 UTC] PHP   3. require_once() /home/ubuntu/workspace/wp-load.php:37
[10-May-2018 15:09:00 UTC] PHP   4. require_once() /home/ubuntu/workspace/wp-config.php:92
[10-May-2018 15:10:09 UTC] PHP Fatal error:  Call to a member function add_rewrite_tag() on a non-object in /home/ubuntu/workspace/wp-includes/rewrite.php on line 172
[10-May-2018 15:10:09 UTC] PHP Stack trace:
[10-May-2018 15:10:09 UTC] PHP   1. {main}() /home/ubuntu/workspace/wp-admin/admin-ajax.php:0
[10-May-2018 15:10:09 UTC] PHP   2. require_once() /home/ubuntu/workspace/wp-admin/admin-ajax.php:22
[10-May-2018 15:10:09 UTC] PHP   3. require_once() /home/ubuntu/workspace/wp-load.php:37
[10-May-2018 15:10:09 UTC] PHP   4. require_once() /home/ubuntu/workspace/wp-config.php:92
[10-May-2018 15:10:09 UTC] PHP   5. include_once() /home/ubuntu/workspace/wp-settings.php:305
[10-May-2018 15:10:09 UTC] PHP   6. register_taxonomy() /home/ubuntu/workspace/wp-content/plugins/posttypes.php:75
[10-May-2018 15:10:09 UTC] PHP   7. WP_Taxonomy->add_rewrite_rules() /home/ubuntu/workspace/wp-includes/taxonomy.php:386
[10-May-2018 15:10:09 UTC] PHP   8. add_rewrite_tag() /home/ubuntu/workspace/wp-includes/class-wp-taxonomy.php:379
[10-May-2018 15:10:11 UTC] PHP Fatal error:  Call to a member function add_rewrite_tag() on a non-object in /home/ubuntu/workspace/wp-includes/rewrite.php on line 172
[10-May-2018 15:10:11 UTC] PHP Stack trace:
[10-May-2018 15:10:11 UTC] PHP   1. {main}() /home/ubuntu/workspace/wp-admin/edit.php:0
[10-May-2018 15:10:11 UTC] PHP   2. require_once() /home/ubuntu/workspace/wp-admin/edit.php:10
[10-May-2018 15:10:11 UTC] PHP   3. require_once() /home/ubuntu/workspace/wp-admin/admin.php:31
[10-May-2018 15:10:11 UTC] PHP   4. require_once() /home/ubuntu/workspace/wp-load.php:37
[10-May-2018 15:10:11 UTC] PHP   5. require_once() /home/ubuntu/workspace/wp-config.php:92
[10-May-2018 15:10:11 UTC] PHP   6. include_once() /home/ubuntu/workspace/wp-settings.php:305
[10-May-2018 15:10:11 UTC] PHP   7. register_taxonomy() /home/ubuntu/workspace/wp-content/plugins/posttypes.php:75
[10-May-2018 15:10:11 UTC] PHP   8. WP_Taxonomy->add_rewrite_rules() /home/ubuntu/workspace/wp-includes/taxonomy.php:386
[10-May-2018 15:10:11 UTC] PHP   9. add_rewrite_tag() /home/ubuntu/workspace/wp-includes/class-wp-taxonomy.php:379
[11-May-2018 16:49:39 UTC] PHP Parse error:  syntax error, unexpected '{', expecting '(' in /home/ubuntu/workspace/wp-content/plugins/posttypes.php on line 110
[11-May-2018 16:49:39 UTC] PHP Stack trace:
[11-May-2018 16:49:39 UTC] PHP   1. {main}() /home/ubuntu/workspace/wp-admin/admin-ajax.php:0
[11-May-2018 16:49:39 UTC] PHP   2. require_once() /home/ubuntu/workspace/wp-admin/admin-ajax.php:22
[11-May-2018 16:49:39 UTC] PHP   3. require_once() /home/ubuntu/workspace/wp-load.php:37
[11-May-2018 16:49:39 UTC] PHP   4. require_once() /home/ubuntu/workspace/wp-config.php:92
[11-May-2018 16:49:54 UTC] PHP Parse error:  syntax error, unexpected '{', expecting '(' in /home/ubuntu/workspace/wp-content/plugins/posttypes.php on line 110
[11-May-2018 16:49:54 UTC] PHP Stack trace:
[11-May-2018 16:49:54 UTC] PHP   1. {main}() /home/ubuntu/workspace/wp-admin/admin-ajax.php:0
[11-May-2018 16:49:54 UTC] PHP   2. require_once() /home/ubuntu/workspace/wp-admin/admin-ajax.php:22
[11-May-2018 16:49:54 UTC] PHP   3. require_once() /home/ubuntu/workspace/wp-load.php:37
[11-May-2018 16:49:54 UTC] PHP   4. require_once() /home/ubuntu/workspace/wp-config.php:92
[18-May-2018 15:19:28 UTC] PHP Strict standards:  Redefining already defined constructor for class CF7reCAPTCHA in /home/ubuntu/workspace/wp-content/plugins/contact-form-7-recaptcha-extension/includes/CF7reCAPTCHA.class.php on line 54
[18-May-2018 15:19:28 UTC] PHP Stack trace:
[18-May-2018 15:19:28 UTC] PHP   1. {main}() /home/ubuntu/workspace/wp-admin/plugins.php:0
[18-May-2018 15:19:28 UTC] PHP   2. activate_plugin() /home/ubuntu/workspace/wp-admin/plugins.php:43
[18-May-2018 15:19:28 UTC] PHP   3. include_once() /home/ubuntu/workspace/wp-admin/includes/plugin.php:555
[18-May-2018 15:19:28 UTC] PHP Strict standards:  Redefining already defined constructor for class WPASDPlugin in /home/ubuntu/workspace/wp-content/plugins/contact-form-7-recaptcha-extension/includes/WPASDPlugin.class.php on line 27
[18-May-2018 15:19:28 UTC] PHP Stack trace:
[18-May-2018 15:19:28 UTC] PHP   1. {main}() /home/ubuntu/workspace/wp-admin/plugins.php:0
[18-May-2018 15:19:28 UTC] PHP   2. activate_plugin() /home/ubuntu/workspace/wp-admin/plugins.php:43
[18-May-2018 15:19:28 UTC] PHP   3. include_once() /home/ubuntu/workspace/wp-admin/includes/plugin.php:555
[18-May-2018 15:19:28 UTC] PHP   4. require_once() /home/ubuntu/workspace/wp-content/plugins/contact-form-7-recaptcha-extension/contact-form-7-recaptcha-extension.php:36
[18-May-2018 15:19:55 UTC] PHP Notice:  Undefined index: cf7_recaptcha_options_group in /home/ubuntu/workspace/wp-includes/option.php on line 2070
[18-May-2018 15:19:55 UTC] PHP Stack trace:
[18-May-2018 15:19:55 UTC] PHP   1. {main}() /home/ubuntu/workspace/wp-admin/admin-ajax.php:0
[18-May-2018 15:19:55 UTC] PHP   2. do_action() /home/ubuntu/workspace/wp-admin/admin-ajax.php:99
[18-May-2018 15:19:55 UTC] PHP   3. WP_Hook->do_action() /home/ubuntu/workspace/wp-includes/plugin.php:453
[18-May-2018 15:19:55 UTC] PHP   4. WP_Hook->apply_filters() /home/ubuntu/workspace/wp-includes/class-wp-hook.php:310
[18-May-2018 15:19:55 UTC] PHP   5. call_user_func_array:{/home/ubuntu/workspace/wp-includes/class-wp-hook.php:286}() /home/ubuntu/workspace/wp-includes/class-wp-hook.php:286
[18-May-2018 15:19:55 UTC] PHP   6. wp_ajax_delete_plugin() /home/ubuntu/workspace/wp-includes/class-wp-hook.php:286
[18-May-2018 15:19:55 UTC] PHP   7. delete_plugins() /home/ubuntu/workspace/wp-admin/includes/ajax-actions.php:3899
[18-May-2018 15:19:55 UTC] PHP   8. uninstall_plugin() /home/ubuntu/workspace/wp-admin/includes/plugin.php:831
[18-May-2018 15:19:55 UTC] PHP   9. include() /home/ubuntu/workspace/wp-admin/includes/plugin.php:1018
[18-May-2018 15:19:55 UTC] PHP  10. WPASDPlugin::uninstall_options() /home/ubuntu/workspace/wp-content/plugins/contact-form-7-recaptcha-extension/uninstall.php:10
[18-May-2018 15:19:55 UTC] PHP  11. unregister_setting() /home/ubuntu/workspace/wp-content/plugins/contact-form-7-recaptcha-extension/includes/WPASDPlugin.class.php:200
